# JRE version: OpenJDK Runtime Environment (8.0_76-b03) (build 1.8.0_76-release-b03)
# Java VM: OpenJDK 64-Bit Server VM (25.76-b03 mixed mode linux-amd64 compressed oops)
Heap:
 PSYoungGen      total 130560K, used 25594K [0x00000000eab00000, 0x00000000f4380000, 0x0000000100000000)
  eden space 104960K, 0% used [0x00000000eab00000,0x00000000eab00000,0x00000000f1180000)
  from space 25600K, 99% used [0x00000000f1180000,0x00000000f2a7eb20,0x00000000f2a80000)
  to   space 25088K, 0% used [0x00000000f2b00000,0x00000000f2b00000,0x00000000f4380000)
 ParOldGen       total 74240K, used 72112K [0x00000000c0000000, 0x00000000c4880000, 0x00000000eab00000)
  object space 74240K, 97% used [0x00000000c0000000,0x00000000c466c0f8,0x00000000c4880000)
 Metaspace       used 5897K, capacity 7024K, committed 7296K, reserved 1056768K
  class space    used 558K, capacity 616K, committed 640K, reserved 1048576K
GC Heap History (10 events):
Event: 1.974 GC heap after
Heap after GC invocations=3 (full 0):
 PSYoungGen      total 34304K, used 2550K [0x00000000eab00000, 0x00000000eee00000, 0x0000000100000000)
  eden space 31744K, 0% used [0x00000000eab00000,0x00000000eab00000,0x00000000eca00000)
  from space 2560K, 99% used [0x00000000eca00000,0x00000000ecc7da90,0x00000000ecc80000)
  to   space 2560K, 0% used [0x00000000eeb80000,0x00000000eeb80000,0x00000000eee00000)
 ParOldGen       total 42496K, used 18320K [0x00000000c0000000, 0x00000000c2980000, 0x00000000eab00000)
  object space 42496K, 43% used [0x00000000c0000000,0x00000000c11e4130,0x00000000c2980000)
 Metaspace       used 5629K, capacity 6832K, committed 7040K, reserved 1056768K
  class space    used 555K, capacity 616K, committed 640K, reserved 1048576K
}
Event: 2.041 GC heap before
{Heap before GC invocations=4 (full 0):
 PSYoungGen      total 34304K, used 34294K [0x00000000eab00000, 0x00000000eee00000, 0x0000000100000000)
  eden space 31744K, 100% used [0x00000000eab00000,0x00000000eca00000,0x00000000eca00000)
  from space 2560K, 99% used [0x00000000eca00000,0x00000000ecc7da90,0x00000000ecc80000)
  to   space 2560K, 0% used [0x00000000eeb80000,0x00000000eeb80000,0x00000000eee00000)
 ParOldGen       total 42496K, used 18320K [0x00000000c0000000, 0x00000000c2980000, 0x00000000eab00000)
  object space 42496K, 43% used [0x00000000c0000000,0x00000000c11e4130,0x00000000c2980000)
 Metaspace       used 5636K, capacity 6832K, committed 7040K, reserved 1056768K
  class space    used 556K, capacity 616K, committed 640K, reserved 1048576K
Event: 2.064 GC heap after
Heap after GC invocations=4 (full 0):
 PSYoungGen      total 66048K, used 2555K [0x00000000eab00000, 0x00000000eee00000, 0x0000000100000000)
  eden space 63488K, 0% used [0x00000000eab00000,0x00000000eab00000,0x00000000ee900000)
  from space 2560K, 99% used [0x00000000eeb80000,0x00000000eedfefd0,0x00000000eee00000)
  to   space 2560K, 0% used [0x00000000ee900000,0x00000000ee900000,0x00000000eeb80000)
 ParOldGen       total 42496K, used 35013K [0x00000000c0000000, 0x00000000c2980000, 0x00000000eab00000)
  object space 42496K, 82% used [0x00000000c0000000,0x00000000c2231520,0x00000000c2980000)
 Metaspace       used 5636K, capacity 6832K, committed 7040K, reserved 1056768K
  class space    used 556K, capacity 616K, committed 640K, reserved 1048576K
}
Event: 2.064 GC heap before
{Heap before GC invocations=5 (full 1):
 PSYoungGen      total 66048K, used 2555K [0x00000000eab00000, 0x00000000eee00000, 0x0000000100000000)
  eden space 63488K, 0% used [0x00000000eab00000,0x00000000eab00000,0x00000000ee900000)
  from space 2560K, 99% used [0x00000000eeb80000,0x00000000eedfefd0,0x00000000eee00000)
  to   space 2560K, 0% used [0x00000000ee900000,0x00000000ee900000,0x00000000eeb80000)
 ParOldGen       total 42496K, used 35013K [0x00000000c0000000, 0x00000000c2980000, 0x00000000eab00000)
  object space 42496K, 82% used [0x00000000c0000000,0x00000000c2231520,0x00000000c2980000)
 Metaspace       used 5636K, capacity 6832K, committed 7040K, reserved 1056768K
  class space    used 556K, capacity 616K, committed 640K, reserved 1048576K
Event: 2.167 GC heap after
Heap after GC invocations=5 (full 1):
 PSYoungGen      total 66048K, used 0K [0x00000000eab00000, 0x00000000eee00000, 0x0000000100000000)
  eden space 63488K, 0% used [0x00000000eab00000,0x00000000eab00000,0x00000000ee900000)
  from space 2560K, 0% used [0x00000000eeb80000,0x00000000eeb80000,0x00000000eee00000)
  to   space 2560K, 0% used [0x00000000ee900000,0x00000000ee900000,0x00000000eeb80000)
 ParOldGen       total 74240K, used 31396K [0x00000000c0000000, 0x00000000c4880000, 0x00000000eab00000)
  object space 74240K, 42% used [0x00000000c0000000,0x00000000c1ea92f8,0x00000000c4880000)
 Metaspace       used 5636K, capacity 6832K, committed 7040K, reserved 1056768K
  class space    used 556K, capacity 616K, committed 640K, reserved 1048576K
}
Event: 2.499 GC heap before
{Heap before GC invocations=6 (full 1):
 PSYoungGen      total 66048K, used 63488K [0x00000000eab00000, 0x00000000eee00000, 0x0000000100000000)
  eden space 63488K, 100% used [0x00000000eab00000,0x00000000ee900000,0x00000000ee900000)
  from space 2560K, 0% used [0x00000000eeb80000,0x00000000eeb80000,0x00000000eee00000)
  to   space 2560K, 0% used [0x00000000ee900000,0x00000000ee900000,0x00000000eeb80000)
 ParOldGen       total 74240K, used 31396K [0x00000000c0000000, 0x00000000c4880000, 0x00000000eab00000)
  object space 74240K, 42% used [0x00000000c0000000,0x00000000c1ea92f8,0x00000000c4880000)
 Metaspace       used 5727K, capacity 6896K, committed 7040K, reserved 1056768K
  class space    used 556K, capacity 616K, committed 640K, reserved 1048576K
Event: 2.536 GC heap after
Heap after GC invocations=6 (full 1):
 PSYoungGen      total 66048K, used 2532K [0x00000000eab00000, 0x00000000f4580000, 0x0000000100000000)
  eden space 63488K, 0% used [0x00000000eab00000,0x00000000eab00000,0x00000000ee900000)
  from space 2560K, 98% used [0x00000000ee900000,0x00000000eeb79188,0x00000000eeb80000)
  to   space 27136K, 0% used [0x00000000f2b00000,0x00000000f2b00000,0x00000000f4580000)
 ParOldGen       total 74240K, used 48657K [0x00000000c0000000, 0x00000000c4880000, 0x00000000eab00000)
  object space 74240K, 65% used [0x00000000c0000000,0x00000000c2f847c8,0x00000000c4880000)
 Metaspace       used 5727K, capacity 6896K, committed 7040K, reserved 1056768K
  class space    used 556K, capacity 616K, committed 640K, reserved 1048576K
}
Event: 2.870 GC heap before
{Heap before GC invocations=7 (full 1):
 PSYoungGen      total 66048K, used 66020K [0x00000000eab00000, 0x00000000f4580000, 0x0000000100000000)
  eden space 63488K, 100% used [0x00000000eab00000,0x00000000ee900000,0x00000000ee900000)
  from space 2560K, 98% used [0x00000000ee900000,0x00000000eeb79188,0x00000000eeb80000)
  to   space 27136K, 0% used [0x00000000f2b00000,0x00000000f2b00000,0x00000000f4580000)
 ParOldGen       total 74240K, used 48657K [0x00000000c0000000, 0x00000000c4880000, 0x00000000eab00000)
  object space 74240K, 65% used [0x00000000c0000000,0x00000000c2f847c8,0x00000000c4880000)
 Metaspace       used 5823K, capacity 7024K, committed 7296K, reserved 1056768K
  class space    used 557K, capacity 616K, committed 640K, reserved 1048576K
Event: 2.908 GC heap after
Heap after GC invocations=7 (full 1):
 PSYoungGen      total 130048K, used 14301K [0x00000000eab00000, 0x00000000f4380000, 0x0000000100000000)
  eden space 104960K, 0% used [0x00000000eab00000,0x00000000eab00000,0x00000000f1180000)
  from space 25088K, 57% used [0x00000000f2b00000,0x00000000f38f7478,0x00000000f4380000)
  to   space 25600K, 0% used [0x00000000f1180000,0x00000000f1180000,0x00000000f2a80000)
 ParOldGen       total 74240K, used 48665K [0x00000000c0000000, 0x00000000c4880000, 0x00000000eab00000)
  object space 74240K, 65% used [0x00000000c0000000,0x00000000c2f867c8,0x00000000c4880000)
 Metaspace       used 5823K, capacity 7024K, committed 7296K, reserved 1056768K
  class space    used 557K, capacity 616K, committed 640K, reserved 1048576K
}
Event: 3.674 GC heap before
{Heap before GC invocations=8 (full 1):
 PSYoungGen      total 130048K, used 119261K [0x00000000eab00000, 0x00000000f4380000, 0x0000000100000000)
  eden space 104960K, 100% used [0x00000000eab00000,0x00000000f1180000,0x00000000f1180000)
  from space 25088K, 57% used [0x00000000f2b00000,0x00000000f38f7478,0x00000000f4380000)
  to   space 25600K, 0% used [0x00000000f1180000,0x00000000f1180000,0x00000000f2a80000)
 ParOldGen       total 74240K, used 48665K [0x00000000c0000000, 0x00000000c4880000, 0x00000000eab00000)
  object space 74240K, 65% used [0x00000000c0000000,0x00000000c2f867c8,0x00000000c4880000)
 Metaspace       used 5897K, capacity 7024K, committed 7296K, reserved 1056768K
  class space    used 558K, capacity 616K, committed 640K, reserved 1048576K

