# JRE version: OpenJDK Runtime Environment (8.0_76-b03) (build 1.8.0_76-release-b03)
# Java VM: OpenJDK 64-Bit Server VM (25.76-b03 mixed mode linux-amd64 compressed oops)
Heap:
 PSYoungGen      total 115712K, used 27640K [0x00000000eab00000, 0x00000000f3b80000, 0x0000000100000000)
  eden space 88064K, 0% used [0x00000000eab00000,0x00000000eab00000,0x00000000f0100000)
  from space 27648K, 99% used [0x00000000f0580000,0x00000000f207e1f8,0x00000000f2080000)
  to   space 17408K, 0% used [0x00000000f2a80000,0x00000000f2a80000,0x00000000f3b80000)
 ParOldGen       total 92672K, used 49207K [0x00000000c0000000, 0x00000000c5a80000, 0x00000000eab00000)
  object space 92672K, 53% used [0x00000000c0000000,0x00000000c300df18,0x00000000c5a80000)
 Metaspace       used 5860K, capacity 7024K, committed 7296K, reserved 1056768K
  class space    used 559K, capacity 616K, committed 640K, reserved 1048576K
GC Heap History (10 events):
Event: 1.999 GC heap after
Heap after GC invocations=4 (full 0):
 PSYoungGen      total 66048K, used 2535K [0x00000000eab00000, 0x00000000eee00000, 0x0000000100000000)
  eden space 63488K, 0% used [0x00000000eab00000,0x00000000eab00000,0x00000000ee900000)
  from space 2560K, 99% used [0x00000000eeb80000,0x00000000eedf9c90,0x00000000eee00000)
  to   space 2560K, 0% used [0x00000000ee900000,0x00000000ee900000,0x00000000eeb80000)
 ParOldGen       total 42496K, used 32028K [0x00000000c0000000, 0x00000000c2980000, 0x00000000eab00000)
  object space 42496K, 75% used [0x00000000c0000000,0x00000000c1f471e8,0x00000000c2980000)
 Metaspace       used 5604K, capacity 6832K, committed 7040K, reserved 1056768K
  class space    used 556K, capacity 616K, committed 640K, reserved 1048576K
}
Event: 1.999 GC heap before
{Heap before GC invocations=5 (full 1):
 PSYoungGen      total 66048K, used 2535K [0x00000000eab00000, 0x00000000eee00000, 0x0000000100000000)
  eden space 63488K, 0% used [0x00000000eab00000,0x00000000eab00000,0x00000000ee900000)
  from space 2560K, 99% used [0x00000000eeb80000,0x00000000eedf9c90,0x00000000eee00000)
  to   space 2560K, 0% used [0x00000000ee900000,0x00000000ee900000,0x00000000eeb80000)
 ParOldGen       total 42496K, used 32028K [0x00000000c0000000, 0x00000000c2980000, 0x00000000eab00000)
  object space 42496K, 75% used [0x00000000c0000000,0x00000000c1f471e8,0x00000000c2980000)
 Metaspace       used 5604K, capacity 6832K, committed 7040K, reserved 1056768K
  class space    used 556K, capacity 616K, committed 640K, reserved 1048576K
Event: 2.117 GC heap after
Heap after GC invocations=5 (full 1):
 PSYoungGen      total 66048K, used 0K [0x00000000eab00000, 0x00000000eee00000, 0x0000000100000000)
  eden space 63488K, 0% used [0x00000000eab00000,0x00000000eab00000,0x00000000ee900000)
  from space 2560K, 0% used [0x00000000eeb80000,0x00000000eeb80000,0x00000000eee00000)
  to   space 2560K, 0% used [0x00000000ee900000,0x00000000ee900000,0x00000000eeb80000)
 ParOldGen       total 69120K, used 27763K [0x00000000c0000000, 0x00000000c4380000, 0x00000000eab00000)
  object space 69120K, 40% used [0x00000000c0000000,0x00000000c1b1cc98,0x00000000c4380000)
 Metaspace       used 5604K, capacity 6832K, committed 7040K, reserved 1056768K
  class space    used 556K, capacity 616K, committed 640K, reserved 1048576K
}
Event: 2.497 GC heap before
{Heap before GC invocations=6 (full 1):
 PSYoungGen      total 66048K, used 63488K [0x00000000eab00000, 0x00000000eee00000, 0x0000000100000000)
  eden space 63488K, 100% used [0x00000000eab00000,0x00000000ee900000,0x00000000ee900000)
  from space 2560K, 0% used [0x00000000eeb80000,0x00000000eeb80000,0x00000000eee00000)
  to   space 2560K, 0% used [0x00000000ee900000,0x00000000ee900000,0x00000000eeb80000)
 ParOldGen       total 69120K, used 27763K [0x00000000c0000000, 0x00000000c4380000, 0x00000000eab00000)
  object space 69120K, 40% used [0x00000000c0000000,0x00000000c1b1cc98,0x00000000c4380000)
 Metaspace       used 5700K, capacity 6896K, committed 7040K, reserved 1056768K
  class space    used 557K, capacity 616K, committed 640K, reserved 1048576K
Event: 2.537 GC heap after
Heap after GC invocations=6 (full 1):
 PSYoungGen      total 66048K, used 2560K [0x00000000eab00000, 0x00000000f4580000, 0x0000000100000000)
  eden space 63488K, 0% used [0x00000000eab00000,0x00000000eab00000,0x00000000ee900000)
  from space 2560K, 100% used [0x00000000ee900000,0x00000000eeb80000,0x00000000eeb80000)
  to   space 27648K, 0% used [0x00000000f2a80000,0x00000000f2a80000,0x00000000f4580000)
 ParOldGen       total 69120K, used 47463K [0x00000000c0000000, 0x00000000c4380000, 0x00000000eab00000)
  object space 69120K, 68% used [0x00000000c0000000,0x00000000c2e59f90,0x00000000c4380000)
 Metaspace       used 5700K, capacity 6896K, committed 7040K, reserved 1056768K
  class space    used 557K, capacity 616K, committed 640K, reserved 1048576K
}
Event: 2.537 GC heap before
{Heap before GC invocations=7 (full 2):
 PSYoungGen      total 66048K, used 2560K [0x00000000eab00000, 0x00000000f4580000, 0x0000000100000000)
  eden space 63488K, 0% used [0x00000000eab00000,0x00000000eab00000,0x00000000ee900000)
  from space 2560K, 100% used [0x00000000ee900000,0x00000000eeb80000,0x00000000eeb80000)
  to   space 27648K, 0% used [0x00000000f2a80000,0x00000000f2a80000,0x00000000f4580000)
 ParOldGen       total 69120K, used 47463K [0x00000000c0000000, 0x00000000c4380000, 0x00000000eab00000)
  object space 69120K, 68% used [0x00000000c0000000,0x00000000c2e59f90,0x00000000c4380000)
 Metaspace       used 5700K, capacity 6896K, committed 7040K, reserved 1056768K
  class space    used 557K, capacity 616K, committed 640K, reserved 1048576K
Event: 2.651 GC heap after
Heap after GC invocations=7 (full 2):
 PSYoungGen      total 66048K, used 0K [0x00000000eab00000, 0x00000000f4580000, 0x0000000100000000)
  eden space 63488K, 0% used [0x00000000eab00000,0x00000000eab00000,0x00000000ee900000)
  from space 2560K, 0% used [0x00000000ee900000,0x00000000ee900000,0x00000000eeb80000)
  to   space 27648K, 0% used [0x00000000f2a80000,0x00000000f2a80000,0x00000000f4580000)
 ParOldGen       total 92672K, used 32558K [0x00000000c0000000, 0x00000000c5a80000, 0x00000000eab00000)
  object space 92672K, 35% used [0x00000000c0000000,0x00000000c1fcb960,0x00000000c5a80000)
 Metaspace       used 5700K, capacity 6896K, committed 7040K, reserved 1056768K
  class space    used 557K, capacity 616K, committed 640K, reserved 1048576K
}
Event: 3.137 GC heap before
{Heap before GC invocations=8 (full 2):
 PSYoungGen      total 66048K, used 63488K [0x00000000eab00000, 0x00000000f4580000, 0x0000000100000000)
  eden space 63488K, 100% used [0x00000000eab00000,0x00000000ee900000,0x00000000ee900000)
  from space 2560K, 0% used [0x00000000ee900000,0x00000000ee900000,0x00000000eeb80000)
  to   space 27648K, 0% used [0x00000000f2a80000,0x00000000f2a80000,0x00000000f4580000)
 ParOldGen       total 92672K, used 32558K [0x00000000c0000000, 0x00000000c5a80000, 0x00000000eab00000)
  object space 92672K, 35% used [0x00000000c0000000,0x00000000c1fcb960,0x00000000c5a80000)
 Metaspace       used 5823K, capacity 7024K, committed 7296K, reserved 1056768K
  class space    used 557K, capacity 616K, committed 640K, reserved 1048576K
Event: 3.169 GC heap after
Heap after GC invocations=8 (full 2):
 PSYoungGen      total 105472K, used 17107K [0x00000000eab00000, 0x00000000f3b80000, 0x0000000100000000)
  eden space 88064K, 0% used [0x00000000eab00000,0x00000000eab00000,0x00000000f0100000)
  from space 17408K, 98% used [0x00000000f2a80000,0x00000000f3b34d70,0x00000000f3b80000)
  to   space 27648K, 0% used [0x00000000f0580000,0x00000000f0580000,0x00000000f2080000)
 ParOldGen       total 92672K, used 32566K [0x00000000c0000000, 0x00000000c5a80000, 0x00000000eab00000)
  object space 92672K, 35% used [0x00000000c0000000,0x00000000c1fcd960,0x00000000c5a80000)
 Metaspace       used 5823K, capacity 7024K, committed 7296K, reserved 1056768K
  class space    used 557K, capacity 616K, committed 640K, reserved 1048576K
}
Event: 3.534 GC heap before
{Heap before GC invocations=9 (full 2):
 PSYoungGen      total 105472K, used 105171K [0x00000000eab00000, 0x00000000f3b80000, 0x0000000100000000)
  eden space 88064K, 100% used [0x00000000eab00000,0x00000000f0100000,0x00000000f0100000)
  from space 17408K, 98% used [0x00000000f2a80000,0x00000000f3b34d70,0x00000000f3b80000)
  to   space 27648K, 0% used [0x00000000f0580000,0x00000000f0580000,0x00000000f2080000)
 ParOldGen       total 92672K, used 32566K [0x00000000c0000000, 0x00000000c5a80000, 0x00000000eab00000)
  object space 92672K, 35% used [0x00000000c0000000,0x00000000c1fcd960,0x00000000c5a80000)
 Metaspace       used 5860K, capacity 7024K, committed 7296K, reserved 1056768K
  class space    used 559K, capacity 616K, committed 640K, reserved 1048576K

